Creating model...
`period` argument is deprecated. Please use `save_freq` to specify the frequency in number of batches seen.
Training...
Creating model...
`period` argument is deprecated. Please use `save_freq` to specify the frequency in number of batches seen.
Training...
Creating model...
`period` argument is deprecated. Please use `save_freq` to specify the frequency in number of batches seen.
Training...
Creating model...
`period` argument is deprecated. Please use `save_freq` to specify the frequency in number of batches seen.
Training...
Creating model...
`period` argument is deprecated. Please use `save_freq` to specify the frequency in number of batches seen.
Training...
Creating model...
`period` argument is deprecated. Please use `save_freq` to specify the frequency in number of batches seen.
Training...
Creating model...
`period` argument is deprecated. Please use `save_freq` to specify the frequency in number of batches seen.
Training...
Creating model...
`period` argument is deprecated. Please use `save_freq` to specify the frequency in number of batches seen.
Training...
Creating model...
`period` argument is deprecated. Please use `save_freq` to specify the frequency in number of batches seen.
Training...
Creating model...
`period` argument is deprecated. Please use `save_freq` to specify the frequency in number of batches seen.
Training...
Creating model...
`period` argument is deprecated. Please use `save_freq` to specify the frequency in number of batches seen.
Training...
Creating model...
`period` argument is deprecated. Please use `save_freq` to specify the frequency in number of batches seen.
Training...
Creating model...
Training...
Creating model...
Training...
Use --store_in_ram if you have enough RAM to fit the dataset
Creating model...
From /home/flame/.pyenv/versions/lp-ml-3.9.7/lib/python3.9/site-packages/keras/layers/normalization/batch_normalization.py:520: _colocate_with (from tensorflow.python.framework.ops) is deprecated and will be removed in a future version.
Instructions for updating:
Colocations handled automatically by placer.
Training...
Use --store_in_ram if you have enough RAM to fit the dataset
Creating model...
From /home/flame/.pyenv/versions/lp-ml-3.9.7/lib/python3.9/site-packages/keras/layers/normalization/batch_normalization.py:520: _colocate_with (from tensorflow.python.framework.ops) is deprecated and will be removed in a future version.
Instructions for updating:
Colocations handled automatically by placer.
Training...
Use --store_in_ram if you have enough RAM to fit the dataset
Creating model...
From /home/flame/.pyenv/versions/lp-ml-3.9.7/lib/python3.9/site-packages/keras/layers/normalization/batch_normalization.py:520: _colocate_with (from tensorflow.python.framework.ops) is deprecated and will be removed in a future version.
Instructions for updating:
Colocations handled automatically by placer.
Training...
Use --store_in_ram if you have enough RAM to fit the dataset
Use --store_in_ram if you have enough RAM to fit the dataset
Use --store_in_ram if you have enough RAM to fit the dataset
Creating model...
From /home/flame/.pyenv/versions/lp-ml-3.9.7/lib/python3.9/site-packages/keras/layers/normalization/batch_normalization.py:520: _colocate_with (from tensorflow.python.framework.ops) is deprecated and will be removed in a future version.
Instructions for updating:
Colocations handled automatically by placer.
Training...
Creating model...
From /home/flame/.pyenv/versions/lp-ml-3.9.7/lib/python3.9/site-packages/keras/layers/normalization/batch_normalization.py:520: _colocate_with (from tensorflow.python.framework.ops) is deprecated and will be removed in a future version.
Instructions for updating:
Colocations handled automatically by placer.
Training...
Creating model...
From /home/flame/.pyenv/versions/lp-ml-3.9.7/lib/python3.9/site-packages/keras/layers/normalization/batch_normalization.py:520: _colocate_with (from tensorflow.python.framework.ops) is deprecated and will be removed in a future version.
Instructions for updating:
Colocations handled automatically by placer.
Training...
Creating model...
From /home/flame/.pyenv/versions/lp-ml-3.9.7/lib/python3.9/site-packages/keras/layers/normalization/batch_normalization.py:520: _colocate_with (from tensorflow.python.framework.ops) is deprecated and will be removed in a future version.
Instructions for updating:
Colocations handled automatically by placer.
Training...
Creating model...
From /home/flame/.pyenv/versions/lp-ml-3.9.7/lib/python3.9/site-packages/keras/layers/normalization/batch_normalization.py:520: _colocate_with (from tensorflow.python.framework.ops) is deprecated and will be removed in a future version.
Instructions for updating:
Colocations handled automatically by placer.
Training...
Creating model...
From /home/flame/.pyenv/versions/lp-ml-3.9.7/lib/python3.9/site-packages/keras/layers/normalization/batch_normalization.py:520: _colocate_with (from tensorflow.python.framework.ops) is deprecated and will be removed in a future version.
Instructions for updating:
Colocations handled automatically by placer.
Training...
Creating model...
From /home/flame/.pyenv/versions/lp-ml-3.9.7/lib/python3.9/site-packages/keras/layers/normalization/batch_normalization.py:520: _colocate_with (from tensorflow.python.framework.ops) is deprecated and will be removed in a future version.
Instructions for updating:
Colocations handled automatically by placer.
Training...
Creating model...
From /home/flame/.pyenv/versions/lp-ml-3.9.7/lib/python3.9/site-packages/keras/layers/normalization/batch_normalization.py:520: _colocate_with (from tensorflow.python.framework.ops) is deprecated and will be removed in a future version.
Instructions for updating:
Colocations handled automatically by placer.
Training...
Creating model...
From /home/flame/.pyenv/versions/lp-ml-3.9.7/lib/python3.9/site-packages/keras/layers/normalization/batch_normalization.py:520: _colocate_with (from tensorflow.python.framework.ops) is deprecated and will be removed in a future version.
Instructions for updating:
Colocations handled automatically by placer.
Training...
Creating model...
From /home/flame/.pyenv/versions/lp-ml-3.9.7/lib/python3.9/site-packages/keras/layers/normalization/batch_normalization.py:520: _colocate_with (from tensorflow.python.framework.ops) is deprecated and will be removed in a future version.
Instructions for updating:
Colocations handled automatically by placer.
Training...
Creating model...
From /home/flame/.pyenv/versions/lp-ml-3.9.7/lib/python3.9/site-packages/keras/layers/normalization/batch_normalization.py:520: _colocate_with (from tensorflow.python.framework.ops) is deprecated and will be removed in a future version.
Instructions for updating:
Colocations handled automatically by placer.
Training...
Function `_wrapped_model` contains input name(s) mobilenetv2_1.00_224_input with unsupported characters which will be renamed to mobilenetv2_1_00_224_input in the SavedModel.
Assets written to: ../models/current//keras/assets
Creating model...
From /home/flame/.pyenv/versions/lp-ml-3.9.7/lib/python3.9/site-packages/keras/layers/normalization/batch_normalization.py:520: _colocate_with (from tensorflow.python.framework.ops) is deprecated and will be removed in a future version.
Instructions for updating:
Colocations handled automatically by placer.
Training...
Saving...
Function `_wrapped_model` contains input name(s) mobilenetv2_1.00_224_input with unsupported characters which will be renamed to mobilenetv2_1_00_224_input in the SavedModel.
Assets written to: ../models/current/keras/assets
Creating model...
Training...
Saving...
Function `_wrapped_model` contains input name(s) mobilenetv2_1.00_224_input with unsupported characters which will be renamed to mobilenetv2_1_00_224_input in the SavedModel.
Assets written to: ../models/current/keras/assets
AutoGraph could not transform <function train.<locals>.<lambda> at 0x7fc99c31e4c0> and will run it as-is.
Cause: could not parse the source code of <function train.<locals>.<lambda> at 0x7fc99c31e4c0>: no matching AST found
To silence this warning, decorate the function with @tf.autograph.experimental.do_not_convert
Done.
Creating model...
Training...
Early stopping conditioned on metric `val_accuracy` which is not available. Available metrics are: loss,categorical_accuracy,val_loss,val_categorical_accuracy
Early stopping conditioned on metric `val_accuracy` which is not available. Available metrics are: loss,categorical_accuracy,val_loss,val_categorical_accuracy
Saving...
Function `_wrapped_model` contains input name(s) mobilenetv2_1.00_224_input with unsupported characters which will be renamed to mobilenetv2_1_00_224_input in the SavedModel.
Assets written to: ../models/current/keras/assets
Done.
